<?xml version="1.0" encoding="utf-8"?>
<TestRun id="e741f615-6a33-4949-bdca-150569cc210a" name="William@DESKTOP-FV5Q462 2021-11-14 18:12:32" runUser="DESKTOP-FV5Q462\William" xmlns="http://microsoft.com/schemas/VisualStudio/TeamTest/2010">
  <Times creation="2021-11-14T18:12:32.1922546-03:00" queuing="2021-11-14T18:12:32.1922564-03:00" start="2021-11-14T18:12:27.2296675-03:00" finish="2021-11-14T18:13:40.6404931-03:00" />
  <TestSettings name="default" id="c4f18697-eec0-46e9-81bb-d29e786a9d88">
    <Deployment runDeploymentRoot="William_DESKTOP-FV5Q462_2021-11-14_18_12_32" />
  </TestSettings>
  <Results>
    <UnitTestResult executionId="484c4061-bd1a-4ca7-810e-01a74efd3341" testId="99bfde22-17d3-44e2-7a41-3303f3925d83" testName="ShouldSeeAlertMessage(&quot;&quot;,&quot;madoka123&quot;,&quot;Opps. Cadê o email?&quot;)" computerName="DESKTOP-FV5Q462" duration="00:00:03.9817750" startTime="2021-11-14T18:12:36.0000000-03:00" endTime="2021-11-14T18:12:40.0000000-03:00" testType="13cdc9d9-ddb5-4fa4-a97d-d965ccfc6d4b" outcome="Passed" testListId="8c84fa94-04c1-424b-9868-57a2d4851a1d" relativeResultsDirectory="484c4061-bd1a-4ca7-810e-01a74efd3341">
      <ResultFiles>
        <ResultFile path="DESKTOP-FV5Q462\0-1004.png" />
      </ResultFiles>
    </UnitTestResult>
    <UnitTestResult executionId="e578ee66-f1a4-41b8-89b4-eb5984208d8d" testId="a4f01db6-d46a-130a-1311-18c2f5efc137" testName="ShouldFindUniqueMovie(&quot;Coringa&quot;,1)" computerName="DESKTOP-FV5Q462" duration="00:00:06.7790000" startTime="2021-11-14T18:13:10.0000000-03:00" endTime="2021-11-14T18:13:17.0000000-03:00" testType="13cdc9d9-ddb5-4fa4-a97d-d965ccfc6d4b" outcome="Passed" testListId="8c84fa94-04c1-424b-9868-57a2d4851a1d" relativeResultsDirectory="e578ee66-f1a4-41b8-89b4-eb5984208d8d">
      <ResultFiles>
        <ResultFile path="DESKTOP-FV5Q462\0-1014.png" />
      </ResultFiles>
    </UnitTestResult>
    <UnitTestResult executionId="37c0bad0-fbbf-480c-9fda-5f430ff77fb3" testId="802b02be-524c-cf5a-8153-696af31aae41" testName="ShouldSeeLoggedUser" computerName="DESKTOP-FV5Q462" duration="00:00:03.4626340" startTime="2021-11-14T18:12:43.0000000-03:00" endTime="2021-11-14T18:12:47.0000000-03:00" testType="13cdc9d9-ddb5-4fa4-a97d-d965ccfc6d4b" outcome="Passed" testListId="8c84fa94-04c1-424b-9868-57a2d4851a1d" relativeResultsDirectory="37c0bad0-fbbf-480c-9fda-5f430ff77fb3">
      <ResultFiles>
        <ResultFile path="DESKTOP-FV5Q462\0-1001.png" />
      </ResultFiles>
    </UnitTestResult>
    <UnitTestResult executionId="e7fe1e9d-8e83-48af-970f-2eb930f39333" testId="4743fb32-be9e-1e8c-ac88-f240788123e1" testName="ShouldSeeAlertMessage(&quot;madoka32@ninjaplus.com&quot;,&quot;1&quot;,&quot;Usuário e/ou senha inválidos&quot;)" computerName="DESKTOP-FV5Q462" duration="00:00:04.1150960" startTime="2021-11-14T18:12:28.0000000-03:00" endTime="2021-11-14T18:12:32.0000000-03:00" testType="13cdc9d9-ddb5-4fa4-a97d-d965ccfc6d4b" outcome="Passed" testListId="8c84fa94-04c1-424b-9868-57a2d4851a1d" relativeResultsDirectory="e7fe1e9d-8e83-48af-970f-2eb930f39333">
      <ResultFiles>
        <ResultFile path="DESKTOP-FV5Q462\0-1002.png" />
      </ResultFiles>
    </UnitTestResult>
    <UnitTestResult executionId="c5bc031d-048b-4595-82ec-21e96b78e086" testId="580853c0-3c8d-2dc9-ba80-96cfb3de1ad4" testName="ShouldSaveMovie(&quot;Seishun Buta Yarou wa Bunny Girl Senpai no Yume wo Minai&quot;,&quot;Disponível&quot;,&quot;2018&quot;,&quot;04/10/2018&quot;,&quot;Sakurajima Mei&quot;,&quot;Azusaga Sakuta&quot;,&quot;Azusaga Kaede&quot;,&quot;Um anime muito melhor que monogatari.&quot;,&quot;cover bg.jpg&quot;)" computerName="DESKTOP-FV5Q462" duration="00:00:10.0064750" startTime="2021-11-14T18:12:50.0000000-03:00" endTime="2021-11-14T18:13:00.0000000-03:00" testType="13cdc9d9-ddb5-4fa4-a97d-d965ccfc6d4b" outcome="Passed" testListId="8c84fa94-04c1-424b-9868-57a2d4851a1d" relativeResultsDirectory="c5bc031d-048b-4595-82ec-21e96b78e086">
      <ResultFiles>
        <ResultFile path="DESKTOP-FV5Q462\0-1010.png" />
      </ResultFiles>
    </UnitTestResult>
    <UnitTestResult executionId="7db092d6-c454-4683-bd7d-3e57c9b74e64" testId="b9c14c97-92f4-a8d8-2db8-ecda4f9de901" testName="ShouldFindUniqueMovie(&quot;Batman&quot;,2)" computerName="DESKTOP-FV5Q462" duration="00:00:06.8331370" startTime="2021-11-14T18:13:17.0000000-03:00" endTime="2021-11-14T18:13:23.0000000-03:00" testType="13cdc9d9-ddb5-4fa4-a97d-d965ccfc6d4b" outcome="Passed" testListId="8c84fa94-04c1-424b-9868-57a2d4851a1d" relativeResultsDirectory="7db092d6-c454-4683-bd7d-3e57c9b74e64">
      <ResultFiles>
        <ResultFile path="DESKTOP-FV5Q462\0-1015.png" />
      </ResultFiles>
    </UnitTestResult>
    <UnitTestResult executionId="a1eef6b6-ad3f-4265-8a55-17e808f5a8c5" testId="c53aabcd-0646-32ca-d803-b81df239c49e" testName="ShouldSaveMovie(&quot;Mahou Shoujo Madoka★Magica Movie 4: Walpurgis no Kaiten&quot;,&quot;Em breve&quot;,&quot;2022&quot;,&quot;02/02/2022&quot;,&quot;Akemi, Homura&quot;,&quot;Kaname, Madoka&quot;,&quot;Sakura, Kyouko&quot;,&quot;Mahou Shoujo Madoka★Magica Movie 3: Hangyaku no Monogatari follows Homura in her struggle to uncover the painful truth behind the mysterious circumstances.&quot;,&quot;cover madoka.jpg&quot;)" computerName="DESKTOP-FV5Q462" duration="00:00:10.1292860" startTime="2021-11-14T18:13:00.0000000-03:00" endTime="2021-11-14T18:13:10.0000000-03:00" testType="13cdc9d9-ddb5-4fa4-a97d-d965ccfc6d4b" outcome="Passed" testListId="8c84fa94-04c1-424b-9868-57a2d4851a1d" relativeResultsDirectory="a1eef6b6-ad3f-4265-8a55-17e808f5a8c5">
      <ResultFiles>
        <ResultFile path="DESKTOP-FV5Q462\0-1011.png" />
      </ResultFiles>
    </UnitTestResult>
    <UnitTestResult executionId="13970827-cc5c-4eca-b1b4-45b4a9aebdac" testId="2b3654bd-1389-8a16-ce93-759b65e75e8f" testName="ShouldSeeAlertMessage(&quot;1&quot;,&quot;1&quot;,&quot;Usuário e/ou senha inválidos&quot;)" computerName="DESKTOP-FV5Q462" duration="00:00:03.8741560" startTime="2021-11-14T18:12:32.0000000-03:00" endTime="2021-11-14T18:12:36.0000000-03:00" testType="13cdc9d9-ddb5-4fa4-a97d-d965ccfc6d4b" outcome="Passed" testListId="8c84fa94-04c1-424b-9868-57a2d4851a1d" relativeResultsDirectory="13970827-cc5c-4eca-b1b4-45b4a9aebdac">
      <ResultFiles>
        <ResultFile path="DESKTOP-FV5Q462\0-1003.png" />
      </ResultFiles>
    </UnitTestResult>
    <UnitTestResult executionId="8a5a67fa-5289-41fe-b0ce-c6dae1df6d8b" testId="e67a5907-d902-6b06-aed6-b06c2815a774" testName="ShouldFindUniqueMovie(&quot;Geass&quot;,0)" computerName="DESKTOP-FV5Q462" duration="00:00:16.6311310" startTime="2021-11-14T18:13:23.0000000-03:00" endTime="2021-11-14T18:13:40.0000000-03:00" testType="13cdc9d9-ddb5-4fa4-a97d-d965ccfc6d4b" outcome="Passed" testListId="8c84fa94-04c1-424b-9868-57a2d4851a1d" relativeResultsDirectory="8a5a67fa-5289-41fe-b0ce-c6dae1df6d8b">
      <ResultFiles>
        <ResultFile path="DESKTOP-FV5Q462\0-1016.png" />
      </ResultFiles>
    </UnitTestResult>
    <UnitTestResult executionId="8064acf0-d53a-45c8-bd50-3acc34b087a0" testId="0a80c0a6-bdd9-febc-44ac-464f19137652" testName="ShoudBeHaveTitle" computerName="DESKTOP-FV5Q462" duration="00:00:02.8014340" startTime="2021-11-14T18:12:47.0000000-03:00" endTime="2021-11-14T18:12:50.0000000-03:00" testType="13cdc9d9-ddb5-4fa4-a97d-d965ccfc6d4b" outcome="Failed" testListId="8c84fa94-04c1-424b-9868-57a2d4851a1d" relativeResultsDirectory="8064acf0-d53a-45c8-bd50-3acc34b087a0">
      <Output>
        <StdOut>Erro during screenshot,</StdOut>
        <ErrorInfo>
          <Message>TearDown : System.Exception : Object reference not set to an instance of an object.</Message>
          <StackTrace>--TearDown&#xD;
   at NinjaPlus.Commom.BaseTest.Finish() in C:\QANINJA\ninjaplus-net\commom\BaseTest.cs:line 90</StackTrace>
        </ErrorInfo>
      </Output>
    </UnitTestResult>
    <UnitTestResult executionId="248a3e9b-f2de-4832-9e10-c17948d775b1" testId="dcac8ce0-e570-a458-8b05-119a53c6beeb" testName="ShouldSeeAlertMessage(&quot;madoka32@ninjaplus.com&quot;,&quot;&quot;,&quot;Opps. Cadê a senha?&quot;)" computerName="DESKTOP-FV5Q462" duration="00:00:03.9161060" startTime="2021-11-14T18:12:40.0000000-03:00" endTime="2021-11-14T18:12:43.0000000-03:00" testType="13cdc9d9-ddb5-4fa4-a97d-d965ccfc6d4b" outcome="Passed" testListId="8c84fa94-04c1-424b-9868-57a2d4851a1d" relativeResultsDirectory="248a3e9b-f2de-4832-9e10-c17948d775b1">
      <ResultFiles>
        <ResultFile path="DESKTOP-FV5Q462\0-1005.png" />
      </ResultFiles>
    </UnitTestResult>
  </Results>
  <TestDefinitions>
    <UnitTest name="ShouldSaveMovie(&quot;Mahou Shoujo Madoka★Magica Movie 4: Walpurgis no Kaiten&quot;,&quot;Em breve&quot;,&quot;2022&quot;,&quot;02/02/2022&quot;,&quot;Akemi, Homura&quot;,&quot;Kaname, Madoka&quot;,&quot;Sakura, Kyouko&quot;,&quot;Mahou Shoujo Madoka★Magica Movie 3: Hangyaku no Monogatari follows Homura in her struggle to uncover the painful truth behind the mysterious circumstances.&quot;,&quot;cover madoka.jpg&quot;)" storage="c:\qaninja\ninjaplus-net\bin\debug\netcoreapp3.1\ninjaplus-net.dll" id="c53aabcd-0646-32ca-d803-b81df239c49e">
      <Execution id="a1eef6b6-ad3f-4265-8a55-17e808f5a8c5" />
      <TestMethod codeBase="C:\QANINJA\ninjaplus-net\bin\Debug\netcoreapp3.1\ninjaplus-net.dll" adapterTypeName="executor://nunit3testexecutor/" className="NinjaPlus.Tests.SaveMovieTest" name="ShouldSaveMovie(&quot;Mahou Shoujo Madoka★Magica Movie 4: Walpurgis no Kaiten&quot;,&quot;Em breve&quot;,&quot;2022&quot;,&quot;02/02/2022&quot;,&quot;Akemi, Homura&quot;,&quot;Kaname, Madoka&quot;,&quot;Sakura, Kyouko&quot;,&quot;Mahou Shoujo Madoka★Magica Movie 3: Hangyaku no Monogatari follows Homura in her struggle to uncover the painful truth behind the mysterious circumstances.&quot;,&quot;cover madoka.jpg&quot;)" />
    </UnitTest>
    <UnitTest name="ShoudBeHaveTitle" storage="c:\qaninja\ninjaplus-net\bin\debug\netcoreapp3.1\ninjaplus-net.dll" id="0a80c0a6-bdd9-febc-44ac-464f19137652">
      <Execution id="8064acf0-d53a-45c8-bd50-3acc34b087a0" />
      <TestMethod codeBase="C:\QANINJA\ninjaplus-net\bin\Debug\netcoreapp3.1\ninjaplus-net.dll" adapterTypeName="executor://nunit3testexecutor/" className="NinjaPlus.Tests.OnAirTest" name="ShoudBeHaveTitle" />
    </UnitTest>
    <UnitTest name="ShouldFindUniqueMovie(&quot;Geass&quot;,0)" storage="c:\qaninja\ninjaplus-net\bin\debug\netcoreapp3.1\ninjaplus-net.dll" id="e67a5907-d902-6b06-aed6-b06c2815a774">
      <Execution id="8a5a67fa-5289-41fe-b0ce-c6dae1df6d8b" />
      <TestMethod codeBase="C:\QANINJA\ninjaplus-net\bin\Debug\netcoreapp3.1\ninjaplus-net.dll" adapterTypeName="executor://nunit3testexecutor/" className="NinjaPlus.Tests.SearchMovieTests" name="ShouldFindUniqueMovie(&quot;Geass&quot;,0)" />
    </UnitTest>
    <UnitTest name="ShouldSeeAlertMessage(&quot;1&quot;,&quot;1&quot;,&quot;Usuário e/ou senha inválidos&quot;)" storage="c:\qaninja\ninjaplus-net\bin\debug\netcoreapp3.1\ninjaplus-net.dll" id="2b3654bd-1389-8a16-ce93-759b65e75e8f">
      <Execution id="13970827-cc5c-4eca-b1b4-45b4a9aebdac" />
      <TestMethod codeBase="C:\QANINJA\ninjaplus-net\bin\Debug\netcoreapp3.1\ninjaplus-net.dll" adapterTypeName="executor://nunit3testexecutor/" className="NinjaPlus.Tests.LoginTests" name="ShouldSeeAlertMessage(&quot;1&quot;,&quot;1&quot;,&quot;Usuário e/ou senha inválidos&quot;)" />
    </UnitTest>
    <UnitTest name="ShouldSeeAlertMessage(&quot;madoka32@ninjaplus.com&quot;,&quot;1&quot;,&quot;Usuário e/ou senha inválidos&quot;)" storage="c:\qaninja\ninjaplus-net\bin\debug\netcoreapp3.1\ninjaplus-net.dll" id="4743fb32-be9e-1e8c-ac88-f240788123e1">
      <Execution id="e7fe1e9d-8e83-48af-970f-2eb930f39333" />
      <TestMethod codeBase="C:\QANINJA\ninjaplus-net\bin\Debug\netcoreapp3.1\ninjaplus-net.dll" adapterTypeName="executor://nunit3testexecutor/" className="NinjaPlus.Tests.LoginTests" name="ShouldSeeAlertMessage(&quot;madoka32@ninjaplus.com&quot;,&quot;1&quot;,&quot;Usuário e/ou senha inválidos&quot;)" />
    </UnitTest>
    <UnitTest name="ShouldFindUniqueMovie(&quot;Coringa&quot;,1)" storage="c:\qaninja\ninjaplus-net\bin\debug\netcoreapp3.1\ninjaplus-net.dll" id="a4f01db6-d46a-130a-1311-18c2f5efc137">
      <Execution id="e578ee66-f1a4-41b8-89b4-eb5984208d8d" />
      <TestMethod codeBase="C:\QANINJA\ninjaplus-net\bin\Debug\netcoreapp3.1\ninjaplus-net.dll" adapterTypeName="executor://nunit3testexecutor/" className="NinjaPlus.Tests.SearchMovieTests" name="ShouldFindUniqueMovie(&quot;Coringa&quot;,1)" />
    </UnitTest>
    <UnitTest name="ShouldSaveMovie(&quot;Seishun Buta Yarou wa Bunny Girl Senpai no Yume wo Minai&quot;,&quot;Disponível&quot;,&quot;2018&quot;,&quot;04/10/2018&quot;,&quot;Sakurajima Mei&quot;,&quot;Azusaga Sakuta&quot;,&quot;Azusaga Kaede&quot;,&quot;Um anime muito melhor que monogatari.&quot;,&quot;cover bg.jpg&quot;)" storage="c:\qaninja\ninjaplus-net\bin\debug\netcoreapp3.1\ninjaplus-net.dll" id="580853c0-3c8d-2dc9-ba80-96cfb3de1ad4">
      <Execution id="c5bc031d-048b-4595-82ec-21e96b78e086" />
      <TestMethod codeBase="C:\QANINJA\ninjaplus-net\bin\Debug\netcoreapp3.1\ninjaplus-net.dll" adapterTypeName="executor://nunit3testexecutor/" className="NinjaPlus.Tests.SaveMovieTest" name="ShouldSaveMovie(&quot;Seishun Buta Yarou wa Bunny Girl Senpai no Yume wo Minai&quot;,&quot;Disponível&quot;,&quot;2018&quot;,&quot;04/10/2018&quot;,&quot;Sakurajima Mei&quot;,&quot;Azusaga Sakuta&quot;,&quot;Azusaga Kaede&quot;,&quot;Um anime muito melhor que monogatari.&quot;,&quot;cover bg.jpg&quot;)" />
    </UnitTest>
    <UnitTest name="ShouldSeeAlertMessage(&quot;madoka32@ninjaplus.com&quot;,&quot;&quot;,&quot;Opps. Cadê a senha?&quot;)" storage="c:\qaninja\ninjaplus-net\bin\debug\netcoreapp3.1\ninjaplus-net.dll" id="dcac8ce0-e570-a458-8b05-119a53c6beeb">
      <Execution id="248a3e9b-f2de-4832-9e10-c17948d775b1" />
      <TestMethod codeBase="C:\QANINJA\ninjaplus-net\bin\Debug\netcoreapp3.1\ninjaplus-net.dll" adapterTypeName="executor://nunit3testexecutor/" className="NinjaPlus.Tests.LoginTests" name="ShouldSeeAlertMessage(&quot;madoka32@ninjaplus.com&quot;,&quot;&quot;,&quot;Opps. Cadê a senha?&quot;)" />
    </UnitTest>
    <UnitTest name="ShouldFindUniqueMovie(&quot;Batman&quot;,2)" storage="c:\qaninja\ninjaplus-net\bin\debug\netcoreapp3.1\ninjaplus-net.dll" id="b9c14c97-92f4-a8d8-2db8-ecda4f9de901">
      <Execution id="7db092d6-c454-4683-bd7d-3e57c9b74e64" />
      <TestMethod codeBase="C:\QANINJA\ninjaplus-net\bin\Debug\netcoreapp3.1\ninjaplus-net.dll" adapterTypeName="executor://nunit3testexecutor/" className="NinjaPlus.Tests.SearchMovieTests" name="ShouldFindUniqueMovie(&quot;Batman&quot;,2)" />
    </UnitTest>
    <UnitTest name="ShouldSeeAlertMessage(&quot;&quot;,&quot;madoka123&quot;,&quot;Opps. Cadê o email?&quot;)" storage="c:\qaninja\ninjaplus-net\bin\debug\netcoreapp3.1\ninjaplus-net.dll" id="99bfde22-17d3-44e2-7a41-3303f3925d83">
      <Execution id="484c4061-bd1a-4ca7-810e-01a74efd3341" />
      <TestMethod codeBase="C:\QANINJA\ninjaplus-net\bin\Debug\netcoreapp3.1\ninjaplus-net.dll" adapterTypeName="executor://nunit3testexecutor/" className="NinjaPlus.Tests.LoginTests" name="ShouldSeeAlertMessage(&quot;&quot;,&quot;madoka123&quot;,&quot;Opps. Cadê o email?&quot;)" />
    </UnitTest>
    <UnitTest name="ShouldSeeLoggedUser" storage="c:\qaninja\ninjaplus-net\bin\debug\netcoreapp3.1\ninjaplus-net.dll" id="802b02be-524c-cf5a-8153-696af31aae41">
      <Execution id="37c0bad0-fbbf-480c-9fda-5f430ff77fb3" />
      <TestMethod codeBase="C:\QANINJA\ninjaplus-net\bin\Debug\netcoreapp3.1\ninjaplus-net.dll" adapterTypeName="executor://nunit3testexecutor/" className="NinjaPlus.Tests.LoginTests" name="ShouldSeeLoggedUser" />
    </UnitTest>
  </TestDefinitions>
  <TestEntries>
    <TestEntry testId="99bfde22-17d3-44e2-7a41-3303f3925d83" executionId="484c4061-bd1a-4ca7-810e-01a74efd3341" testListId="8c84fa94-04c1-424b-9868-57a2d4851a1d" />
    <TestEntry testId="a4f01db6-d46a-130a-1311-18c2f5efc137" executionId="e578ee66-f1a4-41b8-89b4-eb5984208d8d" testListId="8c84fa94-04c1-424b-9868-57a2d4851a1d" />
    <TestEntry testId="802b02be-524c-cf5a-8153-696af31aae41" executionId="37c0bad0-fbbf-480c-9fda-5f430ff77fb3" testListId="8c84fa94-04c1-424b-9868-57a2d4851a1d" />
    <TestEntry testId="4743fb32-be9e-1e8c-ac88-f240788123e1" executionId="e7fe1e9d-8e83-48af-970f-2eb930f39333" testListId="8c84fa94-04c1-424b-9868-57a2d4851a1d" />
    <TestEntry testId="580853c0-3c8d-2dc9-ba80-96cfb3de1ad4" executionId="c5bc031d-048b-4595-82ec-21e96b78e086" testListId="8c84fa94-04c1-424b-9868-57a2d4851a1d" />
    <TestEntry testId="b9c14c97-92f4-a8d8-2db8-ecda4f9de901" executionId="7db092d6-c454-4683-bd7d-3e57c9b74e64" testListId="8c84fa94-04c1-424b-9868-57a2d4851a1d" />
    <TestEntry testId="c53aabcd-0646-32ca-d803-b81df239c49e" executionId="a1eef6b6-ad3f-4265-8a55-17e808f5a8c5" testListId="8c84fa94-04c1-424b-9868-57a2d4851a1d" />
    <TestEntry testId="2b3654bd-1389-8a16-ce93-759b65e75e8f" executionId="13970827-cc5c-4eca-b1b4-45b4a9aebdac" testListId="8c84fa94-04c1-424b-9868-57a2d4851a1d" />
    <TestEntry testId="e67a5907-d902-6b06-aed6-b06c2815a774" executionId="8a5a67fa-5289-41fe-b0ce-c6dae1df6d8b" testListId="8c84fa94-04c1-424b-9868-57a2d4851a1d" />
    <TestEntry testId="0a80c0a6-bdd9-febc-44ac-464f19137652" executionId="8064acf0-d53a-45c8-bd50-3acc34b087a0" testListId="8c84fa94-04c1-424b-9868-57a2d4851a1d" />
    <TestEntry testId="dcac8ce0-e570-a458-8b05-119a53c6beeb" executionId="248a3e9b-f2de-4832-9e10-c17948d775b1" testListId="8c84fa94-04c1-424b-9868-57a2d4851a1d" />
  </TestEntries>
  <TestLists>
    <TestList name="Resultados que não estão em uma lista" id="8c84fa94-04c1-424b-9868-57a2d4851a1d" />
    <TestList name="Todos os resultados carregados" id="19431567-8539-422a-85d7-44ee4e166bda" />
  </TestLists>
  <ResultSummary outcome="Failed">
    <Counters total="11" executed="11" passed="10" failed="1" error="0" timeout="0" aborted="0" inconclusive="0" passedButRunAborted="0" notRunnable="0" notExecuted="0" disconnected="0" warning="0" completed="0" inProgress="0" pending="0" />
    <Output>
      <StdOut>NUnit Adapter 3.16.1.0: Test execution started&#xD;
Running all tests in C:\QANINJA\ninjaplus-net\bin\Debug\netcoreapp3.1\ninjaplus-net.dll&#xD;
   NUnit3TestExecutor converted 11 of 11 NUnit test cases&#xD;
NUnit Adapter 3.16.1.0: Test execution complete&#xD;
</StdOut>
    </Output>
  </ResultSummary>
</TestRun>