<?xml version="1.0" encoding="utf-8"?>
<TestRun id="3ed88cb9-bfbb-4177-bb55-d59e3c73fc96" name="William@DESKTOP-FV5Q462 2021-11-14 18:41:45" runUser="DESKTOP-FV5Q462\William" xmlns="http://microsoft.com/schemas/VisualStudio/TeamTest/2010">
  <Times creation="2021-11-14T18:41:45.4990470-03:00" queuing="2021-11-14T18:41:45.4990486-03:00" start="2021-11-14T18:41:40.9883384-03:00" finish="2021-11-14T18:41:45.5136332-03:00" />
  <TestSettings name="default" id="e9fc378f-b5e4-481d-a72d-ed18c74981a9">
    <Deployment runDeploymentRoot="William_DESKTOP-FV5Q462_2021-11-14_18_41_45" />
  </TestSettings>
  <Results>
    <UnitTestResult executionId="027d029a-e57b-4c2f-b665-ba9fe9fcabbd" testId="0a80c0a6-bdd9-febc-44ac-464f19137652" testName="ShoudBeHaveTitle" computerName="DESKTOP-FV5Q462" duration="00:00:03.5897030" startTime="2021-11-14T18:41:41.0000000-03:00" endTime="2021-11-14T18:41:45.0000000-03:00" testType="13cdc9d9-ddb5-4fa4-a97d-d965ccfc6d4b" outcome="Passed" testListId="8c84fa94-04c1-424b-9868-57a2d4851a1d" relativeResultsDirectory="027d029a-e57b-4c2f-b665-ba9fe9fcabbd">
      <ResultFiles>
        <ResultFile path="DESKTOP-FV5Q462\0-1008.png" />
      </ResultFiles>
    </UnitTestResult>
  </Results>
  <TestDefinitions>
    <UnitTest name="ShoudBeHaveTitle" storage="c:\qaninja\ninjaplus-net\bin\debug\netcoreapp3.1\ninjaplus-net.dll" id="0a80c0a6-bdd9-febc-44ac-464f19137652">
      <Execution id="027d029a-e57b-4c2f-b665-ba9fe9fcabbd" />
      <TestMethod codeBase="C:\QANINJA\ninjaplus-net\bin\Debug\netcoreapp3.1\ninjaplus-net.dll" adapterTypeName="executor://nunit3testexecutor/" className="NinjaPlus.Tests.OnAirTest" name="ShoudBeHaveTitle" />
    </UnitTest>
  </TestDefinitions>
  <TestEntries>
    <TestEntry testId="0a80c0a6-bdd9-febc-44ac-464f19137652" executionId="027d029a-e57b-4c2f-b665-ba9fe9fcabbd" testListId="8c84fa94-04c1-424b-9868-57a2d4851a1d" />
  </TestEntries>
  <TestLists>
    <TestList name="Resultados que não estão em uma lista" id="8c84fa94-04c1-424b-9868-57a2d4851a1d" />
    <TestList name="Todos os resultados carregados" id="19431567-8539-422a-85d7-44ee4e166bda" />
  </TestLists>
  <ResultSummary outcome="Completed">
    <Counters total="1" executed="1" passed="1" failed="0" error="0" timeout="0" aborted="0" inconclusive="0" passedButRunAborted="0" notRunnable="0" notExecuted="0" disconnected="0" warning="0" completed="0" inProgress="0" pending="0" />
    <Output>
      <StdOut>NUnit Adapter 3.16.1.0: Test execution started&#xD;
Running all tests in C:\QANINJA\ninjaplus-net\bin\Debug\netcoreapp3.1\ninjaplus-net.dll&#xD;
   NUnit3TestExecutor converted 11 of 11 NUnit test cases&#xD;
NUnit Adapter 3.16.1.0: Test execution complete&#xD;
</StdOut>
    </Output>
  </ResultSummary>
</TestRun>